Using pre-set license

 COMMAND LINE ARGUMENTS:
/Applications/Unity/Hub/Editor/2020.3.8f1c1/Unity.app/Contents/MacOS/Unity
-adb2
-batchMode
-noUpm
-name
AssetImportWorker0
-projectPath
/Users/wyr/Desktop/UnityProject/Shadow
-logFile
Logs/AssetImportWorker0.log
-srvPort
52708
Successfully changed project path to: /Users/wyr/Desktop/UnityProject/Shadow
/Users/wyr/Desktop/UnityProject/Shadow
Using Asset Import Pipeline V2.
Refreshing native plugins compatible for Editor in 48.65 ms, found 1 plugins.
Preloading 0 native plugins for Editor in 0.00 ms.
Initialize engine version: 2020.3.8f1c1 (0b92326fa640)
[Subsystems] Discovering subsystems at path /Applications/Unity/Hub/Editor/2020.3.8f1c1/Unity.app/Contents/Resources/UnitySubsystems
[Subsystems] Discovering subsystems at path /Users/wyr/Desktop/UnityProject/Shadow/Assets
GfxDevice: creating device client; threaded=0
2021-06-04 00:48:42.905 Unity[79942:12010701] Color LCD preferred device: AMD Radeon Pro 460 (high power)
2021-06-04 00:48:42.905 Unity[79942:12010701] Metal devices available: 2
2021-06-04 00:48:42.905 Unity[79942:12010701] 0: AMD Radeon Pro 460 (high power)
2021-06-04 00:48:42.905 Unity[79942:12010701] 1: Intel(R) HD Graphics 530 (low power)
2021-06-04 00:48:42.906 Unity[79942:12010701] Using device AMD Radeon Pro 460 (high power)
Initializing Metal device caps: AMD Radeon Pro 460
Shader 'Universal Render Pipeline/Particles/Lit': fallback shader 'Universal Render Pipeline/Particles/SimpleLit' not found
Initialize mono
Mono path[0] = '/Applications/Unity/Hub/Editor/2020.3.8f1c1/Unity.app/Contents/Managed'
Mono path[1] = '/Applications/Unity/Hub/Editor/2020.3.8f1c1/Unity.app/Contents/MonoBleedingEdge/lib/mono/unityjit'
Mono config path = '/Applications/Unity/Hub/Editor/2020.3.8f1c1/Unity.app/Contents/MonoBleedingEdge/etc'
Using monoOptions --debugger-agent=transport=dt_socket,embedding=1,server=y,suspend=n,address=127.0.0.1:56942
Begin MonoManager ReloadAssembly
Registering precompiled unity dll's ...
Register platform support module: /Applications/Unity/Hub/Editor/2020.3.8f1c1/Unity.app/Contents/PlaybackEngines/MacStandaloneSupport/UnityEditor.OSXStandalone.Extensions.dll
Registered in 0.003398 seconds.
Native extension for OSXStandalone target not found
Refreshing native plugins compatible for Editor in 45.60 ms, found 1 plugins.
Preloading 0 native plugins for Editor in 0.00 ms.
Mono: successfully reloaded assembly
- Completed reload, in  3.006 seconds
Platform modules already initialized, skipping
Registering precompiled user dll's ...
Registered in 0.003291 seconds.
Begin MonoManager ReloadAssembly
Native extension for OSXStandalone target not found
Refreshing native plugins compatible for Editor in 51.90 ms, found 1 plugins.
Preloading 0 native plugins for Editor in 0.00 ms.
Mono: successfully reloaded assembly
- Completed reload, in  1.421 seconds
Platform modules already initialized, skipping
========================================================================
Worker process is ready to serve import requests
Shader 'Universal Render Pipeline/Particles/Lit': fallback shader 'Universal Render Pipeline/Particles/SimpleLit' not found
Launching external process: /Applications/Unity/Hub/Editor/2020.3.8f1c1/Unity.app/Contents/Tools/UnityShaderCompiler
Launched and connected shader compiler UnityShaderCompiler after 0.02 seconds
Refreshing native plugins compatible for Editor in 0.43 ms, found 1 plugins.
Preloading 0 native plugins for Editor in 0.00 ms.
Unloading 2375 Unused Serialized files (Serialized files now loaded: 0)
System memory in use before: 185.2 MB.
System memory in use after: 185.3 MB.

Unloading 11 unused Assets to reduce memory usage. Loaded Objects now: 2819.
Total: 3.030643 ms (FindLiveObjects: 0.315301 ms CreateObjectMapping: 0.155300 ms MarkObjects: 2.363249 ms  DeleteObjects: 0.195530 ms)

========================================================================
Received Import Request.
  path: Assets/Shaders/CustomShadowMap.shader
  artifactKey: Guid(51eefe3349914703a313ec33d3998f01) Importer(815301076,1909f56bfc062723c751e8b465ee728b)
Start importing Assets/Shaders/CustomShadowMap.shader using Guid(51eefe3349914703a313ec33d3998f01) Importer(815301076,1909f56bfc062723c751e8b465ee728b)  -> (artifact id: '54090dbc15cb147650f3a2d2ca3f49c3') in 1.625490 seconds
  Import took 1.630947 seconds .

========================================================================
Received Import Request.
  Time since last request: 0.000269 seconds.
  path: Assets/Shaders/DepthTexture.shader
  artifactKey: Guid(a8de8c98bee84e1dadb151064f6887ad) Importer(815301076,1909f56bfc062723c751e8b465ee728b)
Start importing Assets/Shaders/DepthTexture.shader using Guid(a8de8c98bee84e1dadb151064f6887ad) Importer(815301076,1909f56bfc062723c751e8b465ee728b)  -> (artifact id: '36462a813070431277a836ba02c02e05') in 0.003103 seconds
  Import took 0.007156 seconds .

========================================================================
Received Import Request.
  Time since last request: 0.000278 seconds.
  path: Assets/Shaders/Depth.shader
  artifactKey: Guid(78d890b4314504edfbd778e0a243c16a) Importer(815301076,1909f56bfc062723c751e8b465ee728b)
Start importing Assets/Shaders/Depth.shader using Guid(78d890b4314504edfbd778e0a243c16a) Importer(815301076,1909f56bfc062723c751e8b465ee728b)  -> (artifact id: '209aa818bcece12687bfac015e1a450b') in 0.003216 seconds
  Import took 0.008310 seconds .

========================================================================
Received Import Request.
  Time since last request: 14.054916 seconds.
  path: Assets/Shaders/VarianceDepthTexture.shader
  artifactKey: Guid(08f691aecd464606b5701be6c6048a09) Importer(815301076,1909f56bfc062723c751e8b465ee728b)
Start importing Assets/Shaders/VarianceDepthTexture.shader using Guid(08f691aecd464606b5701be6c6048a09) Importer(815301076,1909f56bfc062723c751e8b465ee728b)  -> (artifact id: 'e248577fea33b4f34ac76af46ffd71b5') in 0.002661 seconds
  Import took 0.008665 seconds .

========================================================================
Received Import Request.
  Time since last request: 0.000571 seconds.
  path: Assets/Shaders/VarianceDepthTexture.shader
  artifactKey: Guid(08f691aecd464606b5701be6c6048a09) Importer(815301076,1909f56bfc062723c751e8b465ee728b)
Start importing Assets/Shaders/VarianceDepthTexture.shader using Guid(08f691aecd464606b5701be6c6048a09) Importer(815301076,1909f56bfc062723c751e8b465ee728b)  -> (artifact id: 'e248577fea33b4f34ac76af46ffd71b5') in 0.002437 seconds
  Import took 0.007638 seconds .

========================================================================
Received Prepare
Registering precompiled user dll's ...
Registered in 0.000882 seconds.
Begin MonoManager ReloadAssembly
Native extension for OSXStandalone target not found
Refreshing native plugins compatible for Editor in 0.44 ms, found 1 plugins.
Preloading 0 native plugins for Editor in 0.00 ms.
Mono: successfully reloaded assembly
- Completed reload, in  1.367 seconds
Platform modules already initialized, skipping
Shader 'Universal Render Pipeline/Particles/Lit': fallback shader 'Universal Render Pipeline/Particles/SimpleLit' not found
Refreshing native plugins compatible for Editor in 0.47 ms, found 1 plugins.
Preloading 0 native plugins for Editor in 0.00 ms.
Unloading 2310 Unused Serialized files (Serialized files now loaded: 0)
System memory in use before: 183.8 MB.
System memory in use after: 184.0 MB.

Unloading 6 unused Assets to reduce memory usage. Loaded Objects now: 2822.
Total: 2.185543 ms (FindLiveObjects: 0.264932 ms CreateObjectMapping: 0.105475 ms MarkObjects: 1.748962 ms  DeleteObjects: 0.065380 ms)

========================================================================
Received Prepare
Registering precompiled user dll's ...
Registered in 0.000959 seconds.
Begin MonoManager ReloadAssembly
Native extension for OSXStandalone target not found
Refreshing native plugins compatible for Editor in 0.43 ms, found 1 plugins.
Preloading 0 native plugins for Editor in 0.00 ms.
Mono: successfully reloaded assembly
- Completed reload, in  1.263 seconds
Platform modules already initialized, skipping
Shader 'Universal Render Pipeline/Particles/Lit': fallback shader 'Universal Render Pipeline/Particles/SimpleLit' not found
Refreshing native plugins compatible for Editor in 0.49 ms, found 1 plugins.
Preloading 0 native plugins for Editor in 0.00 ms.
Unloading 2310 Unused Serialized files (Serialized files now loaded: 0)
System memory in use before: 184.3 MB.
System memory in use after: 184.5 MB.

Unloading 6 unused Assets to reduce memory usage. Loaded Objects now: 2825.
Total: 3.561571 ms (FindLiveObjects: 0.515937 ms CreateObjectMapping: 0.258073 ms MarkObjects: 2.694713 ms  DeleteObjects: 0.090060 ms)

AssetImportWorkerClient::OnTransportError - code=2 error=End of file
